<?xml version="1.0" encoding="UTF-8"?>
<testsuites name="jest tests" tests="1" failures="0" time="7.422">
  <testsuite name="application tests" errors="0" failures="0" skipped="0" timestamp="2020-06-24T07:59:12" time="5.287" tests="1">
    <testcase classname="application tests should run" name="application tests should run" time="0.032">
    </testcase>
  </testsuite>
</testsuites>